20-Jun-2025 08:44:53.695 INFO [main] org.apache.catalina.startup.VersionLoggerListener.log Server version name:   Apache Tomcat/9.0.106
20-Jun-2025 08:44:53.699 INFO [main] org.apache.catalina.startup.VersionLoggerListener.log Server built:          Jun 5 2025 19:02:30 UTC
20-Jun-2025 08:44:53.700 INFO [main] org.apache.catalina.startup.VersionLoggerListener.log Server version number: 9.0.106.0
20-Jun-2025 08:44:53.700 INFO [main] org.apache.catalina.startup.VersionLoggerListener.log OS Name:               Windows 10
20-Jun-2025 08:44:53.700 INFO [main] org.apache.catalina.startup.VersionLoggerListener.log OS Version:            10.0
20-Jun-2025 08:44:53.700 INFO [main] org.apache.catalina.startup.VersionLoggerListener.log Architecture:          amd64
20-Jun-2025 08:44:53.700 INFO [main] org.apache.catalina.startup.VersionLoggerListener.log Java Home:             C:\Users\Owner\.jdks\temurin-17.0.15
20-Jun-2025 08:44:53.700 INFO [main] org.apache.catalina.startup.VersionLoggerListener.log JVM Version:           17.0.15+6
20-Jun-2025 08:44:53.700 INFO [main] org.apache.catalina.startup.VersionLoggerListener.log JVM Vendor:            Eclipse Adoptium
20-Jun-2025 08:44:53.700 INFO [main] org.apache.catalina.startup.VersionLoggerListener.log CATALINA_BASE:         C:\Users\Owner\Documents\PCX\apache-tomcat-9.0.106\SpringJpaHibernate\spring-jpa-hibernate
20-Jun-2025 08:44:53.701 INFO [main] org.apache.catalina.startup.VersionLoggerListener.log CATALINA_HOME:         C:\Users\Owner\Documents\PCX\apache-tomcat-9.0.106
20-Jun-2025 08:44:53.716 INFO [main] org.apache.catalina.startup.VersionLoggerListener.log Command line argument: --add-opens=java.base/java.lang=ALL-UNNAMED
20-Jun-2025 08:44:53.716 INFO [main] org.apache.catalina.startup.VersionLoggerListener.log Command line argument: --add-opens=java.base/java.io=ALL-UNNAMED
20-Jun-2025 08:44:53.716 INFO [main] org.apache.catalina.startup.VersionLoggerListener.log Command line argument: --add-opens=java.base/java.util=ALL-UNNAMED
20-Jun-2025 08:44:53.716 INFO [main] org.apache.catalina.startup.VersionLoggerListener.log Command line argument: --add-opens=java.base/java.util.concurrent=ALL-UNNAMED
20-Jun-2025 08:44:53.716 INFO [main] org.apache.catalina.startup.VersionLoggerListener.log Command line argument: --add-opens=java.rmi/sun.rmi.transport=ALL-UNNAMED
20-Jun-2025 08:44:53.716 INFO [main] org.apache.catalina.startup.VersionLoggerListener.log Command line argument: -agentlib:jdwp=transport=dt_socket,address=127.0.0.1:61956,suspend=y,server=n
20-Jun-2025 08:44:53.716 INFO [main] org.apache.catalina.startup.VersionLoggerListener.log Command line argument: -javaagent:C:\Users\Owner\AppData\Local\JetBrains\IdeaIC2025.1\captureAgent\debugger-agent.jar=file:///C:/Users/Owner/AppData/Local/Temp/capture8261395030692410956.props
20-Jun-2025 08:44:53.716 INFO [main] org.apache.catalina.startup.VersionLoggerListener.log Command line argument: -Dcatalina.home=C:\Users\Owner\Documents\PCX\apache-tomcat-9.0.106
20-Jun-2025 08:44:53.716 INFO [main] org.apache.catalina.startup.VersionLoggerListener.log Command line argument: -Dcatalina.base=C:\Users\Owner\Documents\PCX\apache-tomcat-9.0.106\SpringJpaHibernate\spring-jpa-hibernate
20-Jun-2025 08:44:53.716 INFO [main] org.apache.catalina.startup.VersionLoggerListener.log Command line argument: -Djava.io.tmpdir=C:\Users\Owner\Documents\PCX\apache-tomcat-9.0.106\SpringJpaHibernate\spring-jpa-hibernate\temp
20-Jun-2025 08:44:53.717 INFO [main] org.apache.catalina.startup.VersionLoggerListener.log Command line argument: -Djava.util.logging.config.file=C:\Users\Owner\Documents\PCX\apache-tomcat-9.0.106\SpringJpaHibernate\spring-jpa-hibernate\conf\logging.properties
20-Jun-2025 08:44:53.717 INFO [main] org.apache.catalina.startup.VersionLoggerListener.log Command line argument: -Djava.util.logging.manager=org.apache.juli.ClassLoaderLogManager
20-Jun-2025 08:44:53.717 INFO [main] org.apache.catalina.startup.VersionLoggerListener.log Command line argument: -Dkotlinx.coroutines.debug.enable.creation.stack.trace=false
20-Jun-2025 08:44:53.717 INFO [main] org.apache.catalina.startup.VersionLoggerListener.log Command line argument: -Ddebugger.agent.enable.coroutines=true
20-Jun-2025 08:44:53.717 INFO [main] org.apache.catalina.startup.VersionLoggerListener.log Command line argument: -Dkotlinx.coroutines.debug.enable.flows.stack.trace=true
20-Jun-2025 08:44:53.717 INFO [main] org.apache.catalina.startup.VersionLoggerListener.log Command line argument: -Dkotlinx.coroutines.debug.enable.mutable.state.flows.stack.trace=true
20-Jun-2025 08:44:53.717 INFO [main] org.apache.catalina.startup.VersionLoggerListener.log Command line argument: -Dfile.encoding=UTF-8
20-Jun-2025 08:44:53.763 INFO [main] org.apache.catalina.core.AprLifecycleListener.lifecycleEvent Loaded Apache Tomcat Native library [1.3.1] using APR version [1.7.4].
20-Jun-2025 08:44:53.764 INFO [main] org.apache.catalina.core.AprLifecycleListener.lifecycleEvent APR capabilities: IPv6 [true], sendfile [true], accept filters [false], random [true], UDS [true].
20-Jun-2025 08:44:53.764 INFO [main] org.apache.catalina.core.AprLifecycleListener.lifecycleEvent APR/OpenSSL configuration: useAprConnector [false], useOpenSSL [true]
20-Jun-2025 08:44:53.769 INFO [main] org.apache.catalina.core.AprLifecycleListener.initializeSSL OpenSSL successfully initialized [OpenSSL 3.0.14 4 Jun 2024]
20-Jun-2025 08:44:54.020 INFO [main] org.apache.coyote.AbstractProtocol.init Initializing ProtocolHandler ["http-nio-8080"]
20-Jun-2025 08:44:54.047 INFO [main] org.apache.catalina.startup.Catalina.load Server initialization in [548] milliseconds
20-Jun-2025 08:44:54.091 INFO [main] org.apache.catalina.core.StandardService.startInternal Starting service [Catalina]
20-Jun-2025 08:44:54.091 INFO [main] org.apache.catalina.core.StandardEngine.startInternal Starting Servlet engine: [Apache Tomcat/9.0.106]
20-Jun-2025 08:44:54.100 INFO [main] org.apache.catalina.startup.HostConfig.deployDescriptor Deploying deployment descriptor [C:\Users\Owner\Documents\PCX\apache-tomcat-9.0.106\SpringJpaHibernate\spring-jpa-hibernate\conf\Catalina\localhost\spring-hibernate-jpa.xml]
20-Jun-2025 08:45:23.737 INFO [main] org.apache.jasper.servlet.TldScanner.scanJars At least one JAR was scanned for TLDs yet contained no TLDs. Enable debug logging for this logger for a complete list of JARs that were scanned but no TLDs were found in them. Skipping unneeded JARs during scanning can improve startup time and JSP compilation time.
20-Jun-2025 08:46:16.955 WARNING [main] com.hazelcast.instance.impl.HazelcastInstanceFactory.null Hazelcast is starting in a Java modular environment (Java 9 and newer) but without proper access to required Java packages. Use additional Java arguments to provide Hazelcast access to Java internal API. The internal API access is used to get the best performance results. Arguments to be used:
 --add-modules java.se --add-exports java.base/jdk.internal.ref=ALL-UNNAMED --add-opens java.base/java.lang=ALL-UNNAMED --add-opens java.base/sun.nio.ch=ALL-UNNAMED --add-opens java.management/sun.management=ALL-UNNAMED --add-opens jdk.management/com.sun.management.internal=ALL-UNNAMED
20-Jun-2025 08:46:17.302 INFO [main] com.hazelcast.system.logo.null [192.168.211.95]:5701 [dev] [5.3.1] 
	+       +  o    o     o     o---o o----o o      o---o     o     o----o o--o--o
	+ +   + +  |    |    / \       /  |      |     /         / \    |         |   
	+ + + + +  o----o   o   o     o   o----o |    o         o   o   o----o    |   
	+ +   + +  |    |  /     \   /    |      |     \       /     \       |    |   
	+       +  o    o o       o o---o o----o o----o o---o o       o o----o    o   
20-Jun-2025 08:46:17.302 INFO [main] com.hazelcast.system.null [192.168.211.95]:5701 [dev] [5.3.1] Copyright (c) 2008-2023, Hazelcast, Inc. All Rights Reserved.
20-Jun-2025 08:46:17.302 INFO [main] com.hazelcast.system.null [192.168.211.95]:5701 [dev] [5.3.1] Hazelcast Platform 5.3.1 (20230609 - 3e88b17) starting at [192.168.211.95]:5701
20-Jun-2025 08:46:17.302 INFO [main] com.hazelcast.system.null [192.168.211.95]:5701 [dev] [5.3.1] Cluster name: dev
20-Jun-2025 08:46:17.302 INFO [main] com.hazelcast.system.null [192.168.211.95]:5701 [dev] [5.3.1] Integrity Checker is disabled. Fail-fast on corrupted executables will not be performed. For more information, see the documentation for Integrity Checker.
20-Jun-2025 08:46:17.309 INFO [main] com.hazelcast.system.null [192.168.211.95]:5701 [dev] [5.3.1] The Jet engine is disabled.
To enable the Jet engine on the members, do one of the following:
  - Change member config using Java API: config.getJetConfig().setEnabled(true)
  - Change XML/YAML configuration property: Set hazelcast.jet.enabled to true
  - Add system property: -Dhz.jet.enabled=true (for Hazelcast embedded, works only when loading config via Config.load)
  - Add environment variable: HZ_JET_ENABLED=true (recommended when running container image. For Hazelcast embedded, works only when loading config via Config.load)
20-Jun-2025 08:46:18.041 INFO [main] com.hazelcast.internal.tpc.TpcServerBootstrap.null [192.168.211.95]:5701 [dev] [5.3.1] TPC: disabled
20-Jun-2025 08:46:18.591 INFO [main] com.hazelcast.system.security.null [192.168.211.95]:5701 [dev] [5.3.1] Enable DEBUG/FINE log level for log category com.hazelcast.system.security  or use -Dhazelcast.security.recommendations system property to see security recommendations and the status of current config.
20-Jun-2025 08:46:18.826 INFO [main] com.hazelcast.instance.impl.Node.null [192.168.211.95]:5701 [dev] [5.3.1] Using Multicast discovery
20-Jun-2025 08:46:18.836 WARNING [main] com.hazelcast.cp.CPSubsystem.null [192.168.211.95]:5701 [dev] [5.3.1] CP Subsystem is not enabled. CP data structures will operate in UNSAFE mode! Please note that UNSAFE mode will not provide strong consistency guarantees.
20-Jun-2025 08:46:19.576 INFO [main] com.hazelcast.internal.diagnostics.Diagnostics.null [192.168.211.95]:5701 [dev] [5.3.1] Diagnostics disabled. To enable add -Dhazelcast.diagnostics.enabled=true to the JVM arguments.
20-Jun-2025 08:46:19.588 INFO [main] com.hazelcast.core.LifecycleService.null [192.168.211.95]:5701 [dev] [5.3.1] [192.168.211.95]:5701 is STARTING
20-Jun-2025 08:46:22.365 INFO [main] com.hazelcast.internal.cluster.ClusterService.null [192.168.211.95]:5701 [dev] [5.3.1] 

Members {size:1, ver:1} [
	Member [192.168.211.95]:5701 - 57826a3c-dba3-4010-85ba-49408ee8b2fd this
]

20-Jun-2025 08:46:22.398 INFO [main] com.hazelcast.core.LifecycleService.null [192.168.211.95]:5701 [dev] [5.3.1] [192.168.211.95]:5701 is STARTED
20-Jun-2025 08:46:43.105 INFO [main] org.apache.catalina.startup.HostConfig.deployDescriptor Deployment of deployment descriptor [C:\Users\Owner\Documents\PCX\apache-tomcat-9.0.106\SpringJpaHibernate\spring-jpa-hibernate\conf\Catalina\localhost\spring-hibernate-jpa.xml] has finished in [109,004] ms
20-Jun-2025 08:46:43.109 INFO [main] org.apache.coyote.AbstractProtocol.start Starting ProtocolHandler ["http-nio-8080"]
20-Jun-2025 08:46:43.122 INFO [main] org.apache.catalina.startup.Catalina.start Server startup in [109075] milliseconds
20-Jun-2025 12:22:07.501 WARNING [hz.hazelcast-instance.InvocationMonitorThread] com.hazelcast.spi.impl.operationservice.impl.InvocationMonitor.null [192.168.211.95]:5701 [dev] [5.3.1] MonitorInvocationsTask delayed 11965 ms
20-Jun-2025 12:24:48.781 WARNING [hz.hazelcast-instance.InvocationMonitorThread] com.hazelcast.spi.impl.operationservice.impl.InvocationMonitor.null [192.168.211.95]:5701 [dev] [5.3.1] MonitorInvocationsTask delayed 11488 ms
20-Jun-2025 12:30:09.848 WARNING [hz.hazelcast-instance.InvocationMonitorThread] com.hazelcast.spi.impl.operationservice.impl.InvocationMonitor.null [192.168.211.95]:5701 [dev] [5.3.1] MonitorInvocationsTask delayed 11028 ms
20-Jun-2025 12:32:50.658 WARNING [hz.hazelcast-instance.InvocationMonitorThread] com.hazelcast.spi.impl.operationservice.impl.InvocationMonitor.null [192.168.211.95]:5701 [dev] [5.3.1] MonitorInvocationsTask delayed 11081 ms
20-Jun-2025 14:31:22.040 INFO [Thread-2] org.apache.coyote.AbstractProtocol.pause Pausing ProtocolHandler ["http-nio-8080"]
20-Jun-2025 14:31:22.073 INFO [Thread-2] org.apache.catalina.core.StandardService.stopInternal Stopping service [Catalina]
20-Jun-2025 14:31:22.088 INFO [hz.ShutdownThread] com.hazelcast.instance.impl.Node.null [192.168.211.95]:5701 [dev] [5.3.1] Running shutdown hook... Current node state: ACTIVE
20-Jun-2025 14:31:22.089 INFO [hz.ShutdownThread] com.hazelcast.core.LifecycleService.null [192.168.211.95]:5701 [dev] [5.3.1] [192.168.211.95]:5701 is SHUTTING_DOWN
20-Jun-2025 14:31:22.098 WARNING [hz.ShutdownThread] com.hazelcast.instance.impl.Node.null [192.168.211.95]:5701 [dev] [5.3.1] Terminating forcefully...
20-Jun-2025 14:31:22.098 INFO [hz.ShutdownThread] com.hazelcast.instance.impl.Node.null [192.168.211.95]:5701 [dev] [5.3.1] Shutting down multicast service...
20-Jun-2025 14:31:22.101 INFO [hz.ShutdownThread] com.hazelcast.instance.impl.Node.null [192.168.211.95]:5701 [dev] [5.3.1] Shutting down connection manager...
20-Jun-2025 14:31:22.102 INFO [hz.hazelcast-instance.cached.thread-38] com.hazelcast.internal.cluster.impl.MulticastJoiner.null [192.168.211.95]:5701 [dev] [5.3.1] [192.168.211.143]:5701 is added to the blacklist.
20-Jun-2025 14:31:22.103 INFO [hz.ShutdownThread] com.hazelcast.instance.impl.Node.null [192.168.211.95]:5701 [dev] [5.3.1] Shutting down node engine...
20-Jun-2025 14:31:22.133 INFO [hz.ShutdownThread] com.hazelcast.instance.impl.NodeExtension.null [192.168.211.95]:5701 [dev] [5.3.1] Destroying node NodeExtension.
20-Jun-2025 14:31:22.133 INFO [hz.ShutdownThread] com.hazelcast.instance.impl.Node.null [192.168.211.95]:5701 [dev] [5.3.1] Hazelcast Shutdown is completed in 35 ms.
20-Jun-2025 14:31:22.133 INFO [hz.ShutdownThread] com.hazelcast.core.LifecycleService.null [192.168.211.95]:5701 [dev] [5.3.1] [192.168.211.95]:5701 is SHUTDOWN
20-Jun-2025 14:31:22.133 INFO [Thread-2] com.hazelcast.core.LifecycleService.null [192.168.211.95]:5701 [dev] [5.3.1] [192.168.211.95]:5701 is SHUTTING_DOWN
20-Jun-2025 14:31:22.133 INFO [Thread-2] com.hazelcast.instance.impl.Node.null [192.168.211.95]:5701 [dev] [5.3.1] Node is already shutting down... Waiting for shutdown process to complete...
20-Jun-2025 14:31:22.133 INFO [Thread-2] com.hazelcast.core.LifecycleService.null [192.168.211.95]:5701 [dev] [5.3.1] [192.168.211.95]:5701 is SHUTDOWN
20-Jun-2025 14:31:22.502 WARNING [Thread-2] org.apache.catalina.loader.WebappClassLoaderBase.clearReferencesJdbc The web application [spring-hibernate-jpa] registered the JDBC driver [com.mysql.cj.jdbc.Driver] but failed to unregister it when the web application was stopped. To prevent a memory leak, the JDBC Driver has been forcibly unregistered.
20-Jun-2025 14:31:22.502 WARNING [Thread-2] org.apache.catalina.loader.WebappClassLoaderBase.clearReferencesThreads The web application [spring-hibernate-jpa] appears to have started a thread named [mysql-cj-abandoned-connection-cleanup] but has failed to stop it. This is very likely to create a memory leak. Stack trace of thread:
 java.base@17.0.15/java.lang.Object.wait(Native Method)
 java.base@17.0.15/java.lang.ref.ReferenceQueue.remove(ReferenceQueue.java:155)
 com.mysql.cj.jdbc.AbandonedConnectionCleanupThread.run(AbandonedConnectionCleanupThread.java:85)
 java.base@17.0.15/java.util.concurrent.ThreadPoolExecutor.runWorker(ThreadPoolExecutor.java:1136)
 java.base@17.0.15/java.util.concurrent.ThreadPoolExecutor$Worker.run(ThreadPoolExecutor.java:635)
 java.base@17.0.15/java.lang.Thread.run(Thread.java:840)
20-Jun-2025 14:31:22.502 WARNING [Thread-2] org.apache.catalina.loader.WebappClassLoaderBase.clearReferencesThreads The web application [spring-hibernate-jpa] appears to have started a thread named [pool-7-thread-1] but has failed to stop it. This is very likely to create a memory leak. Stack trace of thread:
 java.base@17.0.15/jdk.internal.misc.Unsafe.park(Native Method)
 java.base@17.0.15/java.util.concurrent.locks.LockSupport.park(LockSupport.java:341)
 java.base@17.0.15/java.util.concurrent.locks.AbstractQueuedSynchronizer$ConditionNode.block(AbstractQueuedSynchronizer.java:506)
 java.base@17.0.15/java.util.concurrent.ForkJoinPool.unmanagedBlock(ForkJoinPool.java:3465)
 java.base@17.0.15/java.util.concurrent.ForkJoinPool.managedBlock(ForkJoinPool.java:3436)
 java.base@17.0.15/java.util.concurrent.locks.AbstractQueuedSynchronizer$ConditionObject.await(AbstractQueuedSynchronizer.java:1630)
 java.base@17.0.15/java.util.concurrent.ScheduledThreadPoolExecutor$DelayedWorkQueue.take(ScheduledThreadPoolExecutor.java:1177)
 java.base@17.0.15/java.util.concurrent.ScheduledThreadPoolExecutor$DelayedWorkQueue.take(ScheduledThreadPoolExecutor.java:899)
 java.base@17.0.15/java.util.concurrent.ThreadPoolExecutor.getTask(ThreadPoolExecutor.java:1062)
 java.base@17.0.15/java.util.concurrent.ThreadPoolExecutor.runWorker(ThreadPoolExecutor.java:1122)
 java.base@17.0.15/java.util.concurrent.ThreadPoolExecutor$Worker.run(ThreadPoolExecutor.java:635)
 java.base@17.0.15/java.lang.Thread.run(Thread.java:840)
20-Jun-2025 14:31:22.502 WARNING [Thread-2] org.apache.catalina.loader.WebappClassLoaderBase.clearReferencesThreads The web application [spring-hibernate-jpa] appears to have started a thread named [pool-7-thread-2] but has failed to stop it. This is very likely to create a memory leak. Stack trace of thread:
 java.base@17.0.15/jdk.internal.misc.Unsafe.park(Native Method)
 java.base@17.0.15/java.util.concurrent.locks.LockSupport.park(LockSupport.java:341)
 java.base@17.0.15/java.util.concurrent.locks.AbstractQueuedSynchronizer$ConditionNode.block(AbstractQueuedSynchronizer.java:506)
 java.base@17.0.15/java.util.concurrent.ForkJoinPool.unmanagedBlock(ForkJoinPool.java:3465)
 java.base@17.0.15/java.util.concurrent.ForkJoinPool.managedBlock(ForkJoinPool.java:3436)
 java.base@17.0.15/java.util.concurrent.locks.AbstractQueuedSynchronizer$ConditionObject.await(AbstractQueuedSynchronizer.java:1630)
 java.base@17.0.15/java.util.concurrent.ScheduledThreadPoolExecutor$DelayedWorkQueue.take(ScheduledThreadPoolExecutor.java:1177)
 java.base@17.0.15/java.util.concurrent.ScheduledThreadPoolExecutor$DelayedWorkQueue.take(ScheduledThreadPoolExecutor.java:899)
 java.base@17.0.15/java.util.concurrent.ThreadPoolExecutor.getTask(ThreadPoolExecutor.java:1062)
 java.base@17.0.15/java.util.concurrent.ThreadPoolExecutor.runWorker(ThreadPoolExecutor.java:1122)
 java.base@17.0.15/java.util.concurrent.ThreadPoolExecutor$Worker.run(ThreadPoolExecutor.java:635)
 java.base@17.0.15/java.lang.Thread.run(Thread.java:840)
20-Jun-2025 14:31:22.505 WARNING [Thread-2] org.apache.catalina.loader.WebappClassLoaderBase.clearReferencesThreads The web application [spring-hibernate-jpa] appears to have started a thread named [pool-7-thread-3] but has failed to stop it. This is very likely to create a memory leak. Stack trace of thread:
 java.base@17.0.15/jdk.internal.misc.Unsafe.park(Native Method)
 java.base@17.0.15/java.util.concurrent.locks.LockSupport.park(LockSupport.java:341)
 java.base@17.0.15/java.util.concurrent.locks.AbstractQueuedSynchronizer$ConditionNode.block(AbstractQueuedSynchronizer.java:506)
 java.base@17.0.15/java.util.concurrent.ForkJoinPool.unmanagedBlock(ForkJoinPool.java:3465)
 java.base@17.0.15/java.util.concurrent.ForkJoinPool.managedBlock(ForkJoinPool.java:3436)
 java.base@17.0.15/java.util.concurrent.locks.AbstractQueuedSynchronizer$ConditionObject.await(AbstractQueuedSynchronizer.java:1630)
 java.base@17.0.15/java.util.concurrent.ScheduledThreadPoolExecutor$DelayedWorkQueue.take(ScheduledThreadPoolExecutor.java:1177)
 java.base@17.0.15/java.util.concurrent.ScheduledThreadPoolExecutor$DelayedWorkQueue.take(ScheduledThreadPoolExecutor.java:899)
 java.base@17.0.15/java.util.concurrent.ThreadPoolExecutor.getTask(ThreadPoolExecutor.java:1062)
 java.base@17.0.15/java.util.concurrent.ThreadPoolExecutor.runWorker(ThreadPoolExecutor.java:1122)
 java.base@17.0.15/java.util.concurrent.ThreadPoolExecutor$Worker.run(ThreadPoolExecutor.java:635)
 java.base@17.0.15/java.lang.Thread.run(Thread.java:840)
20-Jun-2025 14:31:22.505 WARNING [Thread-2] org.apache.catalina.loader.WebappClassLoaderBase.clearReferencesThreads The web application [spring-hibernate-jpa] appears to have started a thread named [pool-7-thread-4] but has failed to stop it. This is very likely to create a memory leak. Stack trace of thread:
 java.base@17.0.15/jdk.internal.misc.Unsafe.park(Native Method)
 java.base@17.0.15/java.util.concurrent.locks.LockSupport.park(LockSupport.java:341)
 java.base@17.0.15/java.util.concurrent.locks.AbstractQueuedSynchronizer$ConditionNode.block(AbstractQueuedSynchronizer.java:506)
 java.base@17.0.15/java.util.concurrent.ForkJoinPool.unmanagedBlock(ForkJoinPool.java:3465)
 java.base@17.0.15/java.util.concurrent.ForkJoinPool.managedBlock(ForkJoinPool.java:3436)
 java.base@17.0.15/java.util.concurrent.locks.AbstractQueuedSynchronizer$ConditionObject.await(AbstractQueuedSynchronizer.java:1630)
 java.base@17.0.15/java.util.concurrent.ScheduledThreadPoolExecutor$DelayedWorkQueue.take(ScheduledThreadPoolExecutor.java:1177)
 java.base@17.0.15/java.util.concurrent.ScheduledThreadPoolExecutor$DelayedWorkQueue.take(ScheduledThreadPoolExecutor.java:899)
 java.base@17.0.15/java.util.concurrent.ThreadPoolExecutor.getTask(ThreadPoolExecutor.java:1062)
 java.base@17.0.15/java.util.concurrent.ThreadPoolExecutor.runWorker(ThreadPoolExecutor.java:1122)
 java.base@17.0.15/java.util.concurrent.ThreadPoolExecutor$Worker.run(ThreadPoolExecutor.java:635)
 java.base@17.0.15/java.lang.Thread.run(Thread.java:840)
20-Jun-2025 14:31:22.505 WARNING [Thread-2] org.apache.catalina.loader.WebappClassLoaderBase.clearReferencesThreads The web application [spring-hibernate-jpa] appears to have started a thread named [pool-7-thread-5] but has failed to stop it. This is very likely to create a memory leak. Stack trace of thread:
 java.base@17.0.15/jdk.internal.misc.Unsafe.park(Native Method)
 java.base@17.0.15/java.util.concurrent.locks.LockSupport.park(LockSupport.java:341)
 java.base@17.0.15/java.util.concurrent.locks.AbstractQueuedSynchronizer$ConditionNode.block(AbstractQueuedSynchronizer.java:506)
 java.base@17.0.15/java.util.concurrent.ForkJoinPool.unmanagedBlock(ForkJoinPool.java:3465)
 java.base@17.0.15/java.util.concurrent.ForkJoinPool.managedBlock(ForkJoinPool.java:3436)
 java.base@17.0.15/java.util.concurrent.locks.AbstractQueuedSynchronizer$ConditionObject.await(AbstractQueuedSynchronizer.java:1630)
 java.base@17.0.15/java.util.concurrent.ScheduledThreadPoolExecutor$DelayedWorkQueue.take(ScheduledThreadPoolExecutor.java:1177)
 java.base@17.0.15/java.util.concurrent.ScheduledThreadPoolExecutor$DelayedWorkQueue.take(ScheduledThreadPoolExecutor.java:899)
 java.base@17.0.15/java.util.concurrent.ThreadPoolExecutor.getTask(ThreadPoolExecutor.java:1062)
 java.base@17.0.15/java.util.concurrent.ThreadPoolExecutor.runWorker(ThreadPoolExecutor.java:1122)
 java.base@17.0.15/java.util.concurrent.ThreadPoolExecutor$Worker.run(ThreadPoolExecutor.java:635)
 java.base@17.0.15/java.lang.Thread.run(Thread.java:840)
20-Jun-2025 14:31:22.507 WARNING [Thread-2] org.apache.catalina.loader.WebappClassLoaderBase.clearReferencesThreads The web application [spring-hibernate-jpa] appears to have started a thread named [pool-7-thread-6] but has failed to stop it. This is very likely to create a memory leak. Stack trace of thread:
 java.base@17.0.15/jdk.internal.misc.Unsafe.park(Native Method)
 java.base@17.0.15/java.util.concurrent.locks.LockSupport.park(LockSupport.java:341)
 java.base@17.0.15/java.util.concurrent.locks.AbstractQueuedSynchronizer$ConditionNode.block(AbstractQueuedSynchronizer.java:506)
 java.base@17.0.15/java.util.concurrent.ForkJoinPool.unmanagedBlock(ForkJoinPool.java:3465)
 java.base@17.0.15/java.util.concurrent.ForkJoinPool.managedBlock(ForkJoinPool.java:3436)
 java.base@17.0.15/java.util.concurrent.locks.AbstractQueuedSynchronizer$ConditionObject.await(AbstractQueuedSynchronizer.java:1630)
 java.base@17.0.15/java.util.concurrent.ScheduledThreadPoolExecutor$DelayedWorkQueue.take(ScheduledThreadPoolExecutor.java:1177)
 java.base@17.0.15/java.util.concurrent.ScheduledThreadPoolExecutor$DelayedWorkQueue.take(ScheduledThreadPoolExecutor.java:899)
 java.base@17.0.15/java.util.concurrent.ThreadPoolExecutor.getTask(ThreadPoolExecutor.java:1062)
 java.base@17.0.15/java.util.concurrent.ThreadPoolExecutor.runWorker(ThreadPoolExecutor.java:1122)
 java.base@17.0.15/java.util.concurrent.ThreadPoolExecutor$Worker.run(ThreadPoolExecutor.java:635)
 java.base@17.0.15/java.lang.Thread.run(Thread.java:840)
20-Jun-2025 14:31:22.507 WARNING [Thread-2] org.apache.catalina.loader.WebappClassLoaderBase.clearReferencesThreads The web application [spring-hibernate-jpa] appears to have started a thread named [pool-7-thread-7] but has failed to stop it. This is very likely to create a memory leak. Stack trace of thread:
 java.base@17.0.15/jdk.internal.misc.Unsafe.park(Native Method)
 java.base@17.0.15/java.util.concurrent.locks.LockSupport.park(LockSupport.java:341)
 java.base@17.0.15/java.util.concurrent.locks.AbstractQueuedSynchronizer$ConditionNode.block(AbstractQueuedSynchronizer.java:506)
 java.base@17.0.15/java.util.concurrent.ForkJoinPool.unmanagedBlock(ForkJoinPool.java:3465)
 java.base@17.0.15/java.util.concurrent.ForkJoinPool.managedBlock(ForkJoinPool.java:3436)
 java.base@17.0.15/java.util.concurrent.locks.AbstractQueuedSynchronizer$ConditionObject.await(AbstractQueuedSynchronizer.java:1630)
 java.base@17.0.15/java.util.concurrent.ScheduledThreadPoolExecutor$DelayedWorkQueue.take(ScheduledThreadPoolExecutor.java:1177)
 java.base@17.0.15/java.util.concurrent.ScheduledThreadPoolExecutor$DelayedWorkQueue.take(ScheduledThreadPoolExecutor.java:899)
 java.base@17.0.15/java.util.concurrent.ThreadPoolExecutor.getTask(ThreadPoolExecutor.java:1062)
 java.base@17.0.15/java.util.concurrent.ThreadPoolExecutor.runWorker(ThreadPoolExecutor.java:1122)
 java.base@17.0.15/java.util.concurrent.ThreadPoolExecutor$Worker.run(ThreadPoolExecutor.java:635)
 java.base@17.0.15/java.lang.Thread.run(Thread.java:840)
20-Jun-2025 14:31:22.507 WARNING [Thread-2] org.apache.catalina.loader.WebappClassLoaderBase.clearReferencesThreads The web application [spring-hibernate-jpa] appears to have started a thread named [pool-7-thread-8] but has failed to stop it. This is very likely to create a memory leak. Stack trace of thread:
 java.base@17.0.15/jdk.internal.misc.Unsafe.park(Native Method)
 java.base@17.0.15/java.util.concurrent.locks.LockSupport.park(LockSupport.java:341)
 java.base@17.0.15/java.util.concurrent.locks.AbstractQueuedSynchronizer$ConditionNode.block(AbstractQueuedSynchronizer.java:506)
 java.base@17.0.15/java.util.concurrent.ForkJoinPool.unmanagedBlock(ForkJoinPool.java:3465)
 java.base@17.0.15/java.util.concurrent.ForkJoinPool.managedBlock(ForkJoinPool.java:3436)
 java.base@17.0.15/java.util.concurrent.locks.AbstractQueuedSynchronizer$ConditionObject.await(AbstractQueuedSynchronizer.java:1630)
 java.base@17.0.15/java.util.concurrent.ScheduledThreadPoolExecutor$DelayedWorkQueue.take(ScheduledThreadPoolExecutor.java:1177)
 java.base@17.0.15/java.util.concurrent.ScheduledThreadPoolExecutor$DelayedWorkQueue.take(ScheduledThreadPoolExecutor.java:899)
 java.base@17.0.15/java.util.concurrent.ThreadPoolExecutor.getTask(ThreadPoolExecutor.java:1062)
 java.base@17.0.15/java.util.concurrent.ThreadPoolExecutor.runWorker(ThreadPoolExecutor.java:1122)
 java.base@17.0.15/java.util.concurrent.ThreadPoolExecutor$Worker.run(ThreadPoolExecutor.java:635)
 java.base@17.0.15/java.lang.Thread.run(Thread.java:840)
20-Jun-2025 14:31:22.508 WARNING [Thread-2] org.apache.catalina.loader.WebappClassLoaderBase.clearReferencesThreads The web application [spring-hibernate-jpa] appears to have started a thread named [pool-7-thread-9] but has failed to stop it. This is very likely to create a memory leak. Stack trace of thread:
 java.base@17.0.15/jdk.internal.misc.Unsafe.park(Native Method)
 java.base@17.0.15/java.util.concurrent.locks.LockSupport.park(LockSupport.java:341)
 java.base@17.0.15/java.util.concurrent.locks.AbstractQueuedSynchronizer$ConditionNode.block(AbstractQueuedSynchronizer.java:506)
 java.base@17.0.15/java.util.concurrent.ForkJoinPool.unmanagedBlock(ForkJoinPool.java:3465)
 java.base@17.0.15/java.util.concurrent.ForkJoinPool.managedBlock(ForkJoinPool.java:3436)
 java.base@17.0.15/java.util.concurrent.locks.AbstractQueuedSynchronizer$ConditionObject.await(AbstractQueuedSynchronizer.java:1630)
 java.base@17.0.15/java.util.concurrent.ScheduledThreadPoolExecutor$DelayedWorkQueue.take(ScheduledThreadPoolExecutor.java:1177)
 java.base@17.0.15/java.util.concurrent.ScheduledThreadPoolExecutor$DelayedWorkQueue.take(ScheduledThreadPoolExecutor.java:899)
 java.base@17.0.15/java.util.concurrent.ThreadPoolExecutor.getTask(ThreadPoolExecutor.java:1062)
 java.base@17.0.15/java.util.concurrent.ThreadPoolExecutor.runWorker(ThreadPoolExecutor.java:1122)
 java.base@17.0.15/java.util.concurrent.ThreadPoolExecutor$Worker.run(ThreadPoolExecutor.java:635)
 java.base@17.0.15/java.lang.Thread.run(Thread.java:840)
20-Jun-2025 14:31:22.508 WARNING [Thread-2] org.apache.catalina.loader.WebappClassLoaderBase.clearReferencesThreads The web application [spring-hibernate-jpa] appears to have started a thread named [pool-7-thread-10] but has failed to stop it. This is very likely to create a memory leak. Stack trace of thread:
 java.base@17.0.15/jdk.internal.misc.Unsafe.park(Native Method)
 java.base@17.0.15/java.util.concurrent.locks.LockSupport.parkNanos(LockSupport.java:252)
 java.base@17.0.15/java.util.concurrent.locks.AbstractQueuedSynchronizer$ConditionObject.awaitNanos(AbstractQueuedSynchronizer.java:1679)
 java.base@17.0.15/java.util.concurrent.ScheduledThreadPoolExecutor$DelayedWorkQueue.take(ScheduledThreadPoolExecutor.java:1182)
 java.base@17.0.15/java.util.concurrent.ScheduledThreadPoolExecutor$DelayedWorkQueue.take(ScheduledThreadPoolExecutor.java:899)
 java.base@17.0.15/java.util.concurrent.ThreadPoolExecutor.getTask(ThreadPoolExecutor.java:1062)
 java.base@17.0.15/java.util.concurrent.ThreadPoolExecutor.runWorker(ThreadPoolExecutor.java:1122)
 java.base@17.0.15/java.util.concurrent.ThreadPoolExecutor$Worker.run(ThreadPoolExecutor.java:635)
 java.base@17.0.15/java.lang.Thread.run(Thread.java:840)
20-Jun-2025 14:31:22.518 INFO [Thread-2] org.apache.coyote.AbstractProtocol.stop Stopping ProtocolHandler ["http-nio-8080"]
20-Jun-2025 14:31:22.529 INFO [Thread-2] org.apache.coyote.AbstractProtocol.destroy Destroying ProtocolHandler ["http-nio-8080"]
20-Jun-2025 14:31:22.751 INFO [mysql-cj-abandoned-connection-cleanup] org.apache.catalina.loader.WebappClassLoaderBase.checkStateForResourceLoading Illegal access: this web application instance has been stopped already. Could not load []. The following stack trace is thrown for debugging purposes as well as to attempt to terminate the thread which caused the illegal access.
	java.lang.IllegalStateException: Illegal access: this web application instance has been stopped already. Could not load []. The following stack trace is thrown for debugging purposes as well as to attempt to terminate the thread which caused the illegal access.
		at org.apache.catalina.loader.WebappClassLoaderBase.checkStateForResourceLoading(WebappClassLoaderBase.java:1374)
		at org.apache.catalina.loader.WebappClassLoaderBase.getResource(WebappClassLoaderBase.java:997)
		at com.mysql.cj.jdbc.AbandonedConnectionCleanupThread.checkThreadContextClassLoader(AbandonedConnectionCleanupThread.java:117)
		at com.mysql.cj.jdbc.AbandonedConnectionCleanupThread.run(AbandonedConnectionCleanupThread.java:84)
		at java.base/java.util.concurrent.ThreadPoolExecutor.runWorker(ThreadPoolExecutor.java:1136)
		at java.base/java.util.concurrent.ThreadPoolExecutor$Worker.run(ThreadPoolExecutor.java:635)
		at java.base/java.lang.Thread.run(Thread.java:840)
20-Jun-2025 14:31:22.754 INFO [mysql-cj-abandoned-connection-cleanup] org.apache.catalina.loader.WebappClassLoaderBase.checkStateForResourceLoading Illegal access: this web application instance has been stopped already. Could not load []. The following stack trace is thrown for debugging purposes as well as to attempt to terminate the thread which caused the illegal access.
	java.lang.IllegalStateException: Illegal access: this web application instance has been stopped already. Could not load []. The following stack trace is thrown for debugging purposes as well as to attempt to terminate the thread which caused the illegal access.
		at org.apache.catalina.loader.WebappClassLoaderBase.checkStateForResourceLoading(WebappClassLoaderBase.java:1374)
		at org.apache.catalina.loader.WebappClassLoaderBase.getResource(WebappClassLoaderBase.java:997)
		at com.mysql.cj.jdbc.AbandonedConnectionCleanupThread.checkThreadContextClassLoader(AbandonedConnectionCleanupThread.java:117)
		at com.mysql.cj.jdbc.AbandonedConnectionCleanupThread.run(AbandonedConnectionCleanupThread.java:84)
		at java.base/java.util.concurrent.ThreadPoolExecutor.runWorker(ThreadPoolExecutor.java:1136)
		at java.base/java.util.concurrent.ThreadPoolExecutor$Worker.run(ThreadPoolExecutor.java:635)
		at java.base/java.lang.Thread.run(Thread.java:840)
20-Jun-2025 14:31:22.755 INFO [mysql-cj-abandoned-connection-cleanup] org.apache.catalina.loader.WebappClassLoaderBase.checkStateForResourceLoading Illegal access: this web application instance has been stopped already. Could not load []. The following stack trace is thrown for debugging purposes as well as to attempt to terminate the thread which caused the illegal access.
	java.lang.IllegalStateException: Illegal access: this web application instance has been stopped already. Could not load []. The following stack trace is thrown for debugging purposes as well as to attempt to terminate the thread which caused the illegal access.
		at org.apache.catalina.loader.WebappClassLoaderBase.checkStateForResourceLoading(WebappClassLoaderBase.java:1374)
		at org.apache.catalina.loader.WebappClassLoaderBase.getResource(WebappClassLoaderBase.java:997)
		at com.mysql.cj.jdbc.AbandonedConnectionCleanupThread.checkThreadContextClassLoader(AbandonedConnectionCleanupThread.java:117)
		at com.mysql.cj.jdbc.AbandonedConnectionCleanupThread.run(AbandonedConnectionCleanupThread.java:84)
		at java.base/java.util.concurrent.ThreadPoolExecutor.runWorker(ThreadPoolExecutor.java:1136)
		at java.base/java.util.concurrent.ThreadPoolExecutor$Worker.run(ThreadPoolExecutor.java:635)
		at java.base/java.lang.Thread.run(Thread.java:840)
20-Jun-2025 14:55:01.768 INFO [main] org.apache.catalina.startup.VersionLoggerListener.log Server version name:   Apache Tomcat/9.0.106
20-Jun-2025 14:55:01.773 INFO [main] org.apache.catalina.startup.VersionLoggerListener.log Server built:          Jun 5 2025 19:02:30 UTC
20-Jun-2025 14:55:01.773 INFO [main] org.apache.catalina.startup.VersionLoggerListener.log Server version number: 9.0.106.0
20-Jun-2025 14:55:01.773 INFO [main] org.apache.catalina.startup.VersionLoggerListener.log OS Name:               Windows 10
20-Jun-2025 14:55:01.773 INFO [main] org.apache.catalina.startup.VersionLoggerListener.log OS Version:            10.0
20-Jun-2025 14:55:01.773 INFO [main] org.apache.catalina.startup.VersionLoggerListener.log Architecture:          amd64
20-Jun-2025 14:55:01.773 INFO [main] org.apache.catalina.startup.VersionLoggerListener.log Java Home:             C:\Users\Owner\.jdks\temurin-17.0.15
20-Jun-2025 14:55:01.773 INFO [main] org.apache.catalina.startup.VersionLoggerListener.log JVM Version:           17.0.15+6
20-Jun-2025 14:55:01.774 INFO [main] org.apache.catalina.startup.VersionLoggerListener.log JVM Vendor:            Eclipse Adoptium
20-Jun-2025 14:55:01.774 INFO [main] org.apache.catalina.startup.VersionLoggerListener.log CATALINA_BASE:         C:\Users\Owner\Documents\PCX\apache-tomcat-9.0.106\SpringJpaHibernate\spring-jpa-hibernate
20-Jun-2025 14:55:01.774 INFO [main] org.apache.catalina.startup.VersionLoggerListener.log CATALINA_HOME:         C:\Users\Owner\Documents\PCX\apache-tomcat-9.0.106
20-Jun-2025 14:55:01.791 INFO [main] org.apache.catalina.startup.VersionLoggerListener.log Command line argument: --add-opens=java.base/java.lang=ALL-UNNAMED
20-Jun-2025 14:55:01.791 INFO [main] org.apache.catalina.startup.VersionLoggerListener.log Command line argument: --add-opens=java.base/java.io=ALL-UNNAMED
20-Jun-2025 14:55:01.791 INFO [main] org.apache.catalina.startup.VersionLoggerListener.log Command line argument: --add-opens=java.base/java.util=ALL-UNNAMED
20-Jun-2025 14:55:01.791 INFO [main] org.apache.catalina.startup.VersionLoggerListener.log Command line argument: --add-opens=java.base/java.util.concurrent=ALL-UNNAMED
20-Jun-2025 14:55:01.791 INFO [main] org.apache.catalina.startup.VersionLoggerListener.log Command line argument: --add-opens=java.rmi/sun.rmi.transport=ALL-UNNAMED
20-Jun-2025 14:55:01.791 INFO [main] org.apache.catalina.startup.VersionLoggerListener.log Command line argument: -agentlib:jdwp=transport=dt_socket,address=127.0.0.1:55656,suspend=y,server=n
20-Jun-2025 14:55:01.792 INFO [main] org.apache.catalina.startup.VersionLoggerListener.log Command line argument: -javaagent:C:\Users\Owner\AppData\Local\JetBrains\IdeaIC2025.1\captureAgent\debugger-agent.jar=file:///C:/Users/Owner/AppData/Local/Temp/capture17460069432225168434.props
20-Jun-2025 14:55:01.792 INFO [main] org.apache.catalina.startup.VersionLoggerListener.log Command line argument: -Dcatalina.home=C:\Users\Owner\Documents\PCX\apache-tomcat-9.0.106
20-Jun-2025 14:55:01.792 INFO [main] org.apache.catalina.startup.VersionLoggerListener.log Command line argument: -Dcatalina.base=C:\Users\Owner\Documents\PCX\apache-tomcat-9.0.106\SpringJpaHibernate\spring-jpa-hibernate
20-Jun-2025 14:55:01.792 INFO [main] org.apache.catalina.startup.VersionLoggerListener.log Command line argument: -Djava.io.tmpdir=C:\Users\Owner\Documents\PCX\apache-tomcat-9.0.106\SpringJpaHibernate\spring-jpa-hibernate\temp
20-Jun-2025 14:55:01.792 INFO [main] org.apache.catalina.startup.VersionLoggerListener.log Command line argument: -Djava.util.logging.config.file=C:\Users\Owner\Documents\PCX\apache-tomcat-9.0.106\SpringJpaHibernate\spring-jpa-hibernate\conf\logging.properties
20-Jun-2025 14:55:01.792 INFO [main] org.apache.catalina.startup.VersionLoggerListener.log Command line argument: -Djava.util.logging.manager=org.apache.juli.ClassLoaderLogManager
20-Jun-2025 14:55:01.792 INFO [main] org.apache.catalina.startup.VersionLoggerListener.log Command line argument: -Dkotlinx.coroutines.debug.enable.creation.stack.trace=false
20-Jun-2025 14:55:01.792 INFO [main] org.apache.catalina.startup.VersionLoggerListener.log Command line argument: -Ddebugger.agent.enable.coroutines=true
20-Jun-2025 14:55:01.792 INFO [main] org.apache.catalina.startup.VersionLoggerListener.log Command line argument: -Dkotlinx.coroutines.debug.enable.flows.stack.trace=true
20-Jun-2025 14:55:01.792 INFO [main] org.apache.catalina.startup.VersionLoggerListener.log Command line argument: -Dkotlinx.coroutines.debug.enable.mutable.state.flows.stack.trace=true
20-Jun-2025 14:55:01.792 INFO [main] org.apache.catalina.startup.VersionLoggerListener.log Command line argument: -Dfile.encoding=UTF-8
20-Jun-2025 14:55:01.798 INFO [main] org.apache.catalina.core.AprLifecycleListener.lifecycleEvent Loaded Apache Tomcat Native library [1.3.1] using APR version [1.7.4].
20-Jun-2025 14:55:01.798 INFO [main] org.apache.catalina.core.AprLifecycleListener.lifecycleEvent APR capabilities: IPv6 [true], sendfile [true], accept filters [false], random [true], UDS [true].
20-Jun-2025 14:55:01.798 INFO [main] org.apache.catalina.core.AprLifecycleListener.lifecycleEvent APR/OpenSSL configuration: useAprConnector [false], useOpenSSL [true]
20-Jun-2025 14:55:01.814 INFO [main] org.apache.catalina.core.AprLifecycleListener.initializeSSL OpenSSL successfully initialized [OpenSSL 3.0.14 4 Jun 2024]
20-Jun-2025 14:55:02.079 INFO [main] org.apache.coyote.AbstractProtocol.init Initializing ProtocolHandler ["http-nio-8080"]
20-Jun-2025 14:55:02.106 INFO [main] org.apache.catalina.startup.Catalina.load Server initialization in [581] milliseconds
20-Jun-2025 14:55:02.148 INFO [main] org.apache.catalina.core.StandardService.startInternal Starting service [Catalina]
20-Jun-2025 14:55:02.148 INFO [main] org.apache.catalina.core.StandardEngine.startInternal Starting Servlet engine: [Apache Tomcat/9.0.106]
20-Jun-2025 14:55:02.156 INFO [main] org.apache.catalina.startup.HostConfig.deployDescriptor Deploying deployment descriptor [C:\Users\Owner\Documents\PCX\apache-tomcat-9.0.106\SpringJpaHibernate\spring-jpa-hibernate\conf\Catalina\localhost\spring-hibernate-jpa.xml]
20-Jun-2025 14:55:27.303 INFO [main] org.apache.jasper.servlet.TldScanner.scanJars At least one JAR was scanned for TLDs yet contained no TLDs. Enable debug logging for this logger for a complete list of JARs that were scanned but no TLDs were found in them. Skipping unneeded JARs during scanning can improve startup time and JSP compilation time.
20-Jun-2025 14:56:15.789 WARNING [main] com.hazelcast.instance.impl.HazelcastInstanceFactory.null Hazelcast is starting in a Java modular environment (Java 9 and newer) but without proper access to required Java packages. Use additional Java arguments to provide Hazelcast access to Java internal API. The internal API access is used to get the best performance results. Arguments to be used:
 --add-modules java.se --add-exports java.base/jdk.internal.ref=ALL-UNNAMED --add-opens java.base/java.lang=ALL-UNNAMED --add-opens java.base/sun.nio.ch=ALL-UNNAMED --add-opens java.management/sun.management=ALL-UNNAMED --add-opens jdk.management/com.sun.management.internal=ALL-UNNAMED
20-Jun-2025 14:56:16.046 INFO [main] com.hazelcast.system.logo.null [192.168.211.95]:5701 [dev] [5.3.1] 
	+       +  o    o     o     o---o o----o o      o---o     o     o----o o--o--o
	+ +   + +  |    |    / \       /  |      |     /         / \    |         |   
	+ + + + +  o----o   o   o     o   o----o |    o         o   o   o----o    |   
	+ +   + +  |    |  /     \   /    |      |     \       /     \       |    |   
	+       +  o    o o       o o---o o----o o----o o---o o       o o----o    o   
20-Jun-2025 14:56:16.047 INFO [main] com.hazelcast.system.null [192.168.211.95]:5701 [dev] [5.3.1] Copyright (c) 2008-2023, Hazelcast, Inc. All Rights Reserved.
20-Jun-2025 14:56:16.047 INFO [main] com.hazelcast.system.null [192.168.211.95]:5701 [dev] [5.3.1] Hazelcast Platform 5.3.1 (20230609 - 3e88b17) starting at [192.168.211.95]:5701
20-Jun-2025 14:56:16.047 INFO [main] com.hazelcast.system.null [192.168.211.95]:5701 [dev] [5.3.1] Cluster name: dev
20-Jun-2025 14:56:16.047 INFO [main] com.hazelcast.system.null [192.168.211.95]:5701 [dev] [5.3.1] Integrity Checker is disabled. Fail-fast on corrupted executables will not be performed. For more information, see the documentation for Integrity Checker.
20-Jun-2025 14:56:16.052 INFO [main] com.hazelcast.system.null [192.168.211.95]:5701 [dev] [5.3.1] The Jet engine is disabled.
To enable the Jet engine on the members, do one of the following:
  - Change member config using Java API: config.getJetConfig().setEnabled(true)
  - Change XML/YAML configuration property: Set hazelcast.jet.enabled to true
  - Add system property: -Dhz.jet.enabled=true (for Hazelcast embedded, works only when loading config via Config.load)
  - Add environment variable: HZ_JET_ENABLED=true (recommended when running container image. For Hazelcast embedded, works only when loading config via Config.load)
20-Jun-2025 14:56:16.651 INFO [main] com.hazelcast.internal.tpc.TpcServerBootstrap.null [192.168.211.95]:5701 [dev] [5.3.1] TPC: disabled
20-Jun-2025 14:56:17.184 INFO [main] com.hazelcast.system.security.null [192.168.211.95]:5701 [dev] [5.3.1] Enable DEBUG/FINE log level for log category com.hazelcast.system.security  or use -Dhazelcast.security.recommendations system property to see security recommendations and the status of current config.
20-Jun-2025 14:56:17.415 INFO [main] com.hazelcast.instance.impl.Node.null [192.168.211.95]:5701 [dev] [5.3.1] Using Multicast discovery
20-Jun-2025 14:56:17.424 WARNING [main] com.hazelcast.cp.CPSubsystem.null [192.168.211.95]:5701 [dev] [5.3.1] CP Subsystem is not enabled. CP data structures will operate in UNSAFE mode! Please note that UNSAFE mode will not provide strong consistency guarantees.
20-Jun-2025 14:56:18.079 INFO [main] com.hazelcast.internal.diagnostics.Diagnostics.null [192.168.211.95]:5701 [dev] [5.3.1] Diagnostics disabled. To enable add -Dhazelcast.diagnostics.enabled=true to the JVM arguments.
20-Jun-2025 14:56:18.089 INFO [main] com.hazelcast.core.LifecycleService.null [192.168.211.95]:5701 [dev] [5.3.1] [192.168.211.95]:5701 is STARTING
20-Jun-2025 14:56:20.749 INFO [main] com.hazelcast.internal.cluster.ClusterService.null [192.168.211.95]:5701 [dev] [5.3.1] 

Members {size:1, ver:1} [
	Member [192.168.211.95]:5701 - 0eab5d01-cc51-4235-b286-517baaf6010c this
]

20-Jun-2025 14:56:20.786 INFO [main] com.hazelcast.core.LifecycleService.null [192.168.211.95]:5701 [dev] [5.3.1] [192.168.211.95]:5701 is STARTED
20-Jun-2025 14:56:38.946 INFO [main] org.apache.catalina.startup.HostConfig.deployDescriptor Deployment of deployment descriptor [C:\Users\Owner\Documents\PCX\apache-tomcat-9.0.106\SpringJpaHibernate\spring-jpa-hibernate\conf\Catalina\localhost\spring-hibernate-jpa.xml] has finished in [96,789] ms
20-Jun-2025 14:56:38.949 INFO [main] org.apache.coyote.AbstractProtocol.start Starting ProtocolHandler ["http-nio-8080"]
20-Jun-2025 14:56:38.963 INFO [main] org.apache.catalina.startup.Catalina.start Server startup in [96857] milliseconds
